[debug] [2023-01-22T06:24:47.679Z] ----------------------------------------------------------------------
[debug] [2023-01-22T06:24:47.680Z] Command:       /Users/quynhethereal/.nvm/versions/node/v14.18.2/bin/node /Users/quynhethereal/.nvm/versions/node/v14.18.2/bin/firebase init hosting
[debug] [2023-01-22T06:24:47.681Z] CLI Version:   11.15.0
[debug] [2023-01-22T06:24:47.681Z] Platform:      darwin
[debug] [2023-01-22T06:24:47.681Z] Node Version:  v14.18.2
[debug] [2023-01-22T06:24:47.683Z] Time:          Sun Jan 22 2023 13:24:47 GMT+0700 (Indochina Time)
[debug] [2023-01-22T06:24:47.683Z] ----------------------------------------------------------------------
[debug] 
[debug] [2023-01-22T06:24:47.689Z] > command requires scopes: ["email","openid","https://www.googleapis.com/auth/cloudplatformprojects.readonly","https://www.googleapis.com/auth/firebase","https://www.googleapis.com/auth/cloud-platform"]
[debug] [2023-01-22T06:24:47.689Z] > authorizing via signed-in user (quynhethereal@gmail.com)
[info] 
     ######## #### ########  ######## ########     ###     ######  ########
     ##        ##  ##     ## ##       ##     ##  ##   ##  ##       ##
     ######    ##  ########  ######   ########  #########  ######  ######
     ##        ##  ##    ##  ##       ##     ## ##     ##       ## ##
     ##       #### ##     ## ######## ########  ##     ##  ######  ########

You're about to initialize a Firebase project in this directory:

  /Users/quynhethereal/RubyTestFiles/zerocontext

[info] 
=== Project Setup
[info] 
[info] First, let's associate this project directory with a Firebase project.
[info] You can create multiple project aliases by running firebase use --add, 
[info] but for now we'll just set up a default project.
[info] 
[info] i  If you want to create a project in a Google Cloud organization or folder, please use "firebase projects:create" instead, and return to this command when you've created the project. 
[debug] [2023-01-22T06:25:03.984Z] >>> [apiv2][query] POST https://cloudresourcemanager.googleapis.com/v1/projects [none]
[debug] [2023-01-22T06:25:03.985Z] >>> [apiv2][body] POST https://cloudresourcemanager.googleapis.com/v1/projects {"projectId":"zerocontextblog","name":"zerocontextblog"}
[debug] [2023-01-22T06:25:05.407Z] <<< [apiv2][status] POST https://cloudresourcemanager.googleapis.com/v1/projects 200
[debug] [2023-01-22T06:25:05.408Z] <<< [apiv2][body] POST https://cloudresourcemanager.googleapis.com/v1/projects {"name":"operations/cp.6949050893547491714"}
[debug] [2023-01-22T06:25:05.411Z] >>> [apiv2][query] GET https://cloudresourcemanager.googleapis.com/v1/operations/cp.6949050893547491714 [none]
[debug] [2023-01-22T06:25:06.822Z] <<< [apiv2][status] GET https://cloudresourcemanager.googleapis.com/v1/operations/cp.6949050893547491714 200
[debug] [2023-01-22T06:25:06.823Z] <<< [apiv2][body] GET https://cloudresourcemanager.googleapis.com/v1/operations/cp.6949050893547491714 {"name":"operations/cp.6949050893547491714"}
[debug] [2023-01-22T06:25:07.324Z] [Project Creation Poller] Retrying task index 0
[debug] [2023-01-22T06:25:07.326Z] >>> [apiv2][query] GET https://cloudresourcemanager.googleapis.com/v1/operations/cp.6949050893547491714 [none]
[debug] [2023-01-22T06:25:08.761Z] <<< [apiv2][status] GET https://cloudresourcemanager.googleapis.com/v1/operations/cp.6949050893547491714 200
[debug] [2023-01-22T06:25:08.762Z] <<< [apiv2][body] GET https://cloudresourcemanager.googleapis.com/v1/operations/cp.6949050893547491714 {"name":"operations/cp.6949050893547491714","metadata":{"@type":"type.googleapis.com/google.cloudresourcemanager.v1.ProjectCreationStatus","gettable":true}}
[debug] [2023-01-22T06:25:09.763Z] [Project Creation Poller] Retrying task index 0
[debug] [2023-01-22T06:25:09.764Z] >>> [apiv2][query] GET https://cloudresourcemanager.googleapis.com/v1/operations/cp.6949050893547491714 [none]
[debug] [2023-01-22T06:25:11.084Z] <<< [apiv2][status] GET https://cloudresourcemanager.googleapis.com/v1/operations/cp.6949050893547491714 200
[debug] [2023-01-22T06:25:11.084Z] <<< [apiv2][body] GET https://cloudresourcemanager.googleapis.com/v1/operations/cp.6949050893547491714 {"name":"operations/cp.6949050893547491714","metadata":{"@type":"type.googleapis.com/google.cloudresourcemanager.v1.ProjectCreationStatus","gettable":true,"ready":true},"done":true,"response":{"@type":"type.googleapis.com/google.cloudresourcemanager.v1.Project","projectNumber":"392980436495","projectId":"zerocontextblog","lifecycleState":"ACTIVE","name":"zerocontextblog","createTime":"2023-01-22T06:25:07.259Z"}}
[debug] [2023-01-22T06:25:11.086Z] >>> [apiv2][query] POST https://firebase.googleapis.com/v1beta1/projects/zerocontextblog:addFirebase [none]
[debug] [2023-01-22T06:25:14.184Z] <<< [apiv2][status] POST https://firebase.googleapis.com/v1beta1/projects/zerocontextblog:addFirebase 200
[debug] [2023-01-22T06:25:14.184Z] <<< [apiv2][body] POST https://firebase.googleapis.com/v1beta1/projects/zerocontextblog:addFirebase {"name":"operations/workflows/MjY2NDlhNTMtZjU1MC00ZGQ4LTg3NWQtYzgwYTM2OTFhMjUy"}
[debug] [2023-01-22T06:25:14.184Z] >>> [apiv2][query] GET https://firebase.googleapis.com/v1beta1/operations/workflows/MjY2NDlhNTMtZjU1MC00ZGQ4LTg3NWQtYzgwYTM2OTFhMjUy [none]
[debug] [2023-01-22T06:25:15.472Z] <<< [apiv2][status] GET https://firebase.googleapis.com/v1beta1/operations/workflows/MjY2NDlhNTMtZjU1MC00ZGQ4LTg3NWQtYzgwYTM2OTFhMjUy 200
[debug] [2023-01-22T06:25:15.472Z] <<< [apiv2][body] GET https://firebase.googleapis.com/v1beta1/operations/workflows/MjY2NDlhNTMtZjU1MC00ZGQ4LTg3NWQtYzgwYTM2OTFhMjUy {"name":"operations/workflows/MjY2NDlhNTMtZjU1MC00ZGQ4LTg3NWQtYzgwYTM2OTFhMjUy"}
[debug] [2023-01-22T06:25:15.973Z] [Add Firebase Poller] Retrying task index 0
[debug] [2023-01-22T06:25:15.973Z] >>> [apiv2][query] GET https://firebase.googleapis.com/v1beta1/operations/workflows/MjY2NDlhNTMtZjU1MC00ZGQ4LTg3NWQtYzgwYTM2OTFhMjUy [none]
[debug] [2023-01-22T06:25:16.877Z] <<< [apiv2][status] GET https://firebase.googleapis.com/v1beta1/operations/workflows/MjY2NDlhNTMtZjU1MC00ZGQ4LTg3NWQtYzgwYTM2OTFhMjUy 200
[debug] [2023-01-22T06:25:16.877Z] <<< [apiv2][body] GET https://firebase.googleapis.com/v1beta1/operations/workflows/MjY2NDlhNTMtZjU1MC00ZGQ4LTg3NWQtYzgwYTM2OTFhMjUy {"name":"operations/workflows/MjY2NDlhNTMtZjU1MC00ZGQ4LTg3NWQtYzgwYTM2OTFhMjUy"}
[debug] [2023-01-22T06:25:17.877Z] [Add Firebase Poller] Retrying task index 0
[debug] [2023-01-22T06:25:17.878Z] >>> [apiv2][query] GET https://firebase.googleapis.com/v1beta1/operations/workflows/MjY2NDlhNTMtZjU1MC00ZGQ4LTg3NWQtYzgwYTM2OTFhMjUy [none]
[debug] [2023-01-22T06:25:19.206Z] <<< [apiv2][status] GET https://firebase.googleapis.com/v1beta1/operations/workflows/MjY2NDlhNTMtZjU1MC00ZGQ4LTg3NWQtYzgwYTM2OTFhMjUy 200
[debug] [2023-01-22T06:25:19.206Z] <<< [apiv2][body] GET https://firebase.googleapis.com/v1beta1/operations/workflows/MjY2NDlhNTMtZjU1MC00ZGQ4LTg3NWQtYzgwYTM2OTFhMjUy {"name":"operations/workflows/MjY2NDlhNTMtZjU1MC00ZGQ4LTg3NWQtYzgwYTM2OTFhMjUy"}
[debug] [2023-01-22T06:25:21.208Z] [Add Firebase Poller] Retrying task index 0
[debug] [2023-01-22T06:25:21.208Z] >>> [apiv2][query] GET https://firebase.googleapis.com/v1beta1/operations/workflows/MjY2NDlhNTMtZjU1MC00ZGQ4LTg3NWQtYzgwYTM2OTFhMjUy [none]
[debug] [2023-01-22T06:25:22.419Z] <<< [apiv2][status] GET https://firebase.googleapis.com/v1beta1/operations/workflows/MjY2NDlhNTMtZjU1MC00ZGQ4LTg3NWQtYzgwYTM2OTFhMjUy 200
[debug] [2023-01-22T06:25:22.419Z] <<< [apiv2][body] GET https://firebase.googleapis.com/v1beta1/operations/workflows/MjY2NDlhNTMtZjU1MC00ZGQ4LTg3NWQtYzgwYTM2OTFhMjUy {"name":"operations/workflows/MjY2NDlhNTMtZjU1MC00ZGQ4LTg3NWQtYzgwYTM2OTFhMjUy"}
[debug] [2023-01-22T06:25:26.421Z] [Add Firebase Poller] Retrying task index 0
[debug] [2023-01-22T06:25:26.422Z] >>> [apiv2][query] GET https://firebase.googleapis.com/v1beta1/operations/workflows/MjY2NDlhNTMtZjU1MC00ZGQ4LTg3NWQtYzgwYTM2OTFhMjUy [none]
[debug] [2023-01-22T06:25:27.405Z] <<< [apiv2][status] GET https://firebase.googleapis.com/v1beta1/operations/workflows/MjY2NDlhNTMtZjU1MC00ZGQ4LTg3NWQtYzgwYTM2OTFhMjUy 200
[debug] [2023-01-22T06:25:27.406Z] <<< [apiv2][body] GET https://firebase.googleapis.com/v1beta1/operations/workflows/MjY2NDlhNTMtZjU1MC00ZGQ4LTg3NWQtYzgwYTM2OTFhMjUy {"name":"operations/workflows/MjY2NDlhNTMtZjU1MC00ZGQ4LTg3NWQtYzgwYTM2OTFhMjUy","done":true,"response":{"@type":"type.googleapis.com/google.firebase.service.v1beta1.FirebaseProject","projectId":"zerocontextblog","projectNumber":"392980436495","displayName":"zerocontextblog","name":"projects/zerocontextblog","resources":{"hostingSite":"zerocontextblog"}}}
[info] 
[info] 🎉🎉🎉 Your Firebase project is ready! 🎉🎉🎉
[info] 
[info] Project information:
[info]    - Project ID: zerocontextblog
[info]    - Project Name: zerocontextblog
[info] 
[info] Firebase console is available at
[info] https://console.firebase.google.com/project/zerocontextblog/overview
[info] i  Using project zerocontextblog (zerocontextblog) 
[info] 
=== Hosting Setup
[info] 
[info] Your public directory is the folder (relative to your project directory) that
[info] will contain Hosting assets to be uploaded with firebase deploy. If you
[info] have a build process for your assets, use your build's output directory.
[info] 
[info] ✔  Wrote public/404.html 
[debug] [2023-01-22T06:25:43.459Z] >>> [apiv2][query] GET https://www.gstatic.com/firebasejs/releases.json [none]
[debug] [2023-01-22T06:25:43.729Z] <<< [apiv2][status] GET https://www.gstatic.com/firebasejs/releases.json 200
[debug] [2023-01-22T06:25:43.730Z] <<< [apiv2][body] GET https://www.gstatic.com/firebasejs/releases.json {"current":{"version":"9.16.0","browserURL":"https://www.gstatic.com/firebasejs/9.16.0/firebase.js","packageURL":"https://www.gstatic.com/firebasejs/9.16.0/firebase.tgz"},"live":{"version":"9.16","browserURL":"https://www.gstatic.com/firebasejs/live/9.16/firebase.js","packageURL":"https://www.gstatic.com/firebasejs/live/9.16/firebase.tgz"},"components":{"analytics":"https://www.gstatic.com/firebasejs/9.16.0/firebase-analytics.js","app":"https://www.gstatic.com/firebasejs/9.16.0/firebase-app.js","app-check":"https://www.gstatic.com/firebasejs/9.16.0/firebase-app-check.js","auth":"https://www.gstatic.com/firebasejs/9.16.0/firebase-auth.js","auth/cordova":"https://www.gstatic.com/firebasejs/9.16.0/firebase-auth/cordova.js","auth/react-native":"https://www.gstatic.com/firebasejs/9.16.0/firebase-auth/react-native.js","functions":"https://www.gstatic.com/firebasejs/9.16.0/firebase-functions.js","firestore":"https://www.gstatic.com/firebasejs/9.16.0/firebase-firestore.js","firestore/lite":"https://www.gstatic.com/firebasejs/9.16.0/firebase-firestore/lite.js","installations":"https://www.gstatic.com/firebasejs/9.16.0/firebase-installations.js","storage":"https://www.gstatic.com/firebasejs/9.16.0/firebase-storage.js","performance":"https://www.gstatic.com/firebasejs/9.16.0/firebase-performance.js","remote-config":"https://www.gstatic.com/firebasejs/9.16.0/firebase-remote-config.js","messaging":"https://www.gstatic.com/firebasejs/9.16.0/firebase-messaging.js","messaging/sw":"https://www.gstatic.com/firebasejs/9.16.0/firebase-messaging/sw.js","database":"https://www.gstatic.com/firebasejs/9.16.0/firebase-database.js","firestore.memory":"https://www.gstatic.com/firebasejs/9.16.0/firebase-firestore.memory.js"}}
[info] ✔  Wrote public/index.html 
[info] 
[info] i  Detected a .git folder at /Users/quynhethereal/RubyTestFiles/zerocontext 
[info] i  Authorizing with GitHub to upload your service account to a GitHub repository's secrets store. 
[info] 
[info] Visit this URL on this device to log in:
[info] https://github.com/login/oauth/authorize?client_id=89cf50f02ac6aaed3484&state=319822652&redirect_uri=http%3A%2F%2Flocalhost%3A9005&scope=read%3Auser%20repo%20public_repo
[info] 
[info] Waiting for authentication...
[debug] [2023-01-22T06:26:03.024Z] >>> [apiv2][query] POST https://github.com/login/oauth/access_token [none]
[debug] [2023-01-22T06:26:03.025Z] >>> [apiv2][body] POST https://github.com/login/oauth/access_token [stream]
[debug] [2023-01-22T06:26:03.433Z] <<< [apiv2][status] POST https://github.com/login/oauth/access_token 200
[debug] [2023-01-22T06:26:03.434Z] <<< [apiv2][body] POST https://github.com/login/oauth/access_token {"access_token":"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","token_type":"bearer","scope":"read:user,repo"}
[debug] [2023-01-22T06:26:03.442Z] >>> [apiv2][query] GET https://api.github.com/user [none]
[debug] [2023-01-22T06:26:03.915Z] <<< [apiv2][status] GET https://api.github.com/user 200
[debug] [2023-01-22T06:26:03.915Z] <<< [apiv2][body] GET https://api.github.com/user {"login":"quynhethereal","id":49337640,"node_id":"MDQ6VXNlcjQ5MzM3NjQw","avatar_url":"https://avatars.githubusercontent.com/u/49337640?v=4","gravatar_id":"","url":"https://api.github.com/users/quynhethereal","html_url":"https://github.com/quynhethereal","followers_url":"https://api.github.com/users/quynhethereal/followers","following_url":"https://api.github.com/users/quynhethereal/following{/other_user}","gists_url":"https://api.github.com/users/quynhethereal/gists{/gist_id}","starred_url":"https://api.github.com/users/quynhethereal/starred{/owner}{/repo}","subscriptions_url":"https://api.github.com/users/quynhethereal/subscriptions","organizations_url":"https://api.github.com/users/quynhethereal/orgs","repos_url":"https://api.github.com/users/quynhethereal/repos","events_url":"https://api.github.com/users/quynhethereal/events{/privacy}","received_events_url":"https://api.github.com/users/quynhethereal/received_events","type":"User","site_admin":false,"name":"Quynh Le","company":null,"blog":"","location":null,"email":null,"hireable":null,"bio":"You don't need much to be happy","twitter_username":null,"public_repos":18,"public_gists":4,"followers":0,"following":0,"created_at":"2019-04-06T09:51:00Z","updated_at":"2023-01-18T03:40:56Z","private_gists":3,"total_private_repos":7,"owned_private_repos":7,"disk_usage":53706,"collaborators":1,"two_factor_authentication":true,"plan":{"name":"pro","space":976562499,"collaborators":0,"private_repos":9999}}
[info] 
[info] ✔  Success! Logged into GitHub as quynhethereal 
[info] 
